<?xml version="1.0" encoding="UTF-8"?>
<!-- Generated by org.testng.reporters.JUnitXMLReporter -->
<testsuite hostname="50HERTZ-5050" ignored="1" name="GETCO SANITY HOMEPAGE" tests="1" failures="0" timestamp="10 Jul 2019 03:41:27 GMT" time="18.723" errors="0">
  <testcase name="TestForecastedSchedule" time="5.383" classname="com.qa.getco.testcases.HomePageTestcases"/>
  <testcase name="TestErrorMatrices" time="0.0" classname="com.qa.getco.testcases.HomePageTestcases">
    <ignored/>
  </testcase> <!-- TestErrorMatrices -->
</testsuite> <!-- GETCO SANITY HOMEPAGE -->
