<?xml version="1.0" encoding="UTF-8"?>
<!-- Generated by org.testng.reporters.JUnitXMLReporter -->
<testsuite hostname="50HERTZ-5050" ignored="0" name="GETCO SANITY ERROR MATRICS SOLAR" tests="2" failures="1" timestamp="10 Jul 2019 03:42:59 GMT" time="24.148" errors="0">
  <testcase name="verifyingPage" time="0.032" classname="com.qa.getco.testcases.ErrormatricsTestcasesSolar"/>
  <testcase name="errorMatricsopenSolar" time="5.057" classname="com.qa.getco.testcases.ErrormatricsTestcasesSolar">
    <failure type="org.openqa.selenium.ElementClickInterceptedException" message="element click intercepted: Element &amp;lt;button class=&amp;quot;btn btn-primary btn-icon icon-sm fa fa-filter add-tooltip pull-left filterBtn&amp;quot; data-placement=&amp;quot;right&amp;quot; data-toggle=&amp;quot;tooltip&amp;quot; data-original-title=&amp;quot;Filter&amp;quot; style=&amp;quot;margin-top: 10px; margin-left: 10px;&amp;quot;&amp;gt;&amp;lt;/button&amp;gt; is not clickable at point (400, 95). Other element would receive the click: &amp;lt;div id=&amp;quot;loadingWait&amp;quot; title=&amp;quot;Please Wait...&amp;quot;&amp;gt;...&amp;lt;/div&amp;gt;
  (Session info: chrome=75.0.3770.100)
Build info: version: &amp;apos;3.141.59&amp;apos;, revision: &amp;apos;e82be7d358&amp;apos;, time: &amp;apos;2018-11-14T08:17:03&amp;apos;
System info: host: &amp;apos;50HERTZ-5050&amp;apos;, ip: &amp;apos;192.168.2.216&amp;apos;, os.name: &amp;apos;Windows 10&amp;apos;, os.arch: &amp;apos;amd64&amp;apos;, os.version: &amp;apos;10.0&amp;apos;, java.version: &amp;apos;1.8.0_211&amp;apos;
Driver info: org.openqa.selenium.chrome.ChromeDriver
Capabilities {acceptInsecureCerts: false, browserName: chrome, browserVersion: 75.0.3770.100, chrome: {chromedriverVersion: 75.0.3770.90 (a6dcaf7e3ec6f..., userDataDir: C:\Users\MANIKA~1\AppData\L...}, goog:chromeOptions: {debuggerAddress: localhost:50158}, javascriptEnabled: true, networkConnectionEnabled: false, pageLoadStrategy: normal, platform: XP, platformName: XP, proxy: Proxy(), setWindowRect: true, strictFileInteractability: false, timeouts: {implicit: 0, pageLoad: 300000, script: 30000}, unhandledPromptBehavior: dismiss and notify}
Session ID: b61905695d1be7ae4557004935507de7">
      <![CDATA[org.openqa.selenium.ElementClickInterceptedException: element click intercepted: Element <button class="btn btn-primary btn-icon icon-sm fa fa-filter add-tooltip pull-left filterBtn" data-placement="right" data-toggle="tooltip" data-original-title="Filter" style="margin-top: 10px; margin-left: 10px;"></button> is not clickable at point (400, 95). Other element would receive the click: <div id="loadingWait" title="Please Wait...">...</div>
  (Session info: chrome=75.0.3770.100)
Build info: version: '3.141.59', revision: 'e82be7d358', time: '2018-11-14T08:17:03'
System info: host: '50HERTZ-5050', ip: '192.168.2.216', os.name: 'Windows 10', os.arch: 'amd64', os.version: '10.0', java.version: '1.8.0_211'
Driver info: org.openqa.selenium.chrome.ChromeDriver
Capabilities {acceptInsecureCerts: false, browserName: chrome, browserVersion: 75.0.3770.100, chrome: {chromedriverVersion: 75.0.3770.90 (a6dcaf7e3ec6f..., userDataDir: C:\Users\MANIKA~1\AppData\L...}, goog:chromeOptions: {debuggerAddress: localhost:50158}, javascriptEnabled: true, networkConnectionEnabled: false, pageLoadStrategy: normal, platform: XP, platformName: XP, proxy: Proxy(), setWindowRect: true, strictFileInteractability: false, timeouts: {implicit: 0, pageLoad: 300000, script: 30000}, unhandledPromptBehavior: dismiss and notify}
Session ID: b61905695d1be7ae4557004935507de7
at org.openqa.selenium.remote.http.W3CHttpResponseCodec.createException(W3CHttpResponseCodec.java:187)
at org.openqa.selenium.remote.http.W3CHttpResponseCodec.decode(W3CHttpResponseCodec.java:122)
at org.openqa.selenium.remote.http.W3CHttpResponseCodec.decode(W3CHttpResponseCodec.java:49)
at org.openqa.selenium.remote.HttpCommandExecutor.execute(HttpCommandExecutor.java:158)
at org.openqa.selenium.remote.service.DriverCommandExecutor.execute(DriverCommandExecutor.java:83)
at org.openqa.selenium.remote.RemoteWebDriver.execute(RemoteWebDriver.java:552)
at org.openqa.selenium.remote.RemoteWebElement.execute(RemoteWebElement.java:285)
at org.openqa.selenium.remote.RemoteWebElement.click(RemoteWebElement.java:84)
at org.openqa.selenium.support.pagefactory.internal.LocatingElementHandler.invoke(LocatingElementHandler.java:51)
at com.sun.proxy.$Proxy9.click(Unknown Source)
at com.qa.getco.pages.ErrorMatricsPage.ErrorMatricsSolar(ErrorMatricsPage.java:708)
at com.qa.getco.testcases.ErrormatricsTestcasesSolar.errorMatricsopenSolar(ErrormatricsTestcasesSolar.java:39)
... Removed 32 stack frames]]>
    </failure>
  </testcase> <!-- errorMatricsopenSolar -->
</testsuite> <!-- GETCO SANITY ERROR MATRICS SOLAR -->
