<?xml version="1.0" encoding="UTF-8"?>
<!-- Generated by org.testng.reporters.JUnitXMLReporter -->
<testsuite hostname="50HERTZ-5050" ignored="0" name="GETCO SANITY LOGIN" tests="2" failures="0" timestamp="10 Jul 2019 03:41:08 GMT" time="16.304" errors="0">
  <testcase name="verifyTitle" time="0.011" classname="com.qa.getco.testcases.LoginPageTestcase"/>
  <testcase name="applicationStarts" time="4.974" classname="com.qa.getco.testcases.LoginPageTestcase"/>
</testsuite> <!-- GETCO SANITY LOGIN -->
