<?xml version="1.0" encoding="UTF-8"?>
<!-- Generated by org.testng.reporters.JUnitXMLReporter -->
<testsuite hostname="50HERTZ-5050" ignored="0" name="Default test" tests="2" failures="0" timestamp="09 Jul 2019 08:47:48 GMT" time="66.681" errors="0">
  <testcase name="verifyingPage" time="0.068" classname="com.qa.getco.testcases.ErrormatricsTestcasesDemand"/>
  <testcase name="errorMatricsopen" time="48.702" classname="com.qa.getco.testcases.ErrormatricsTestcasesDemand"/>
</testsuite> <!-- Default test -->
